===== STARTING SEQUENTIAL PROCESSING OF 1 PLATES =====

==================== PROCESSING PLATE 1 ====================
Started at: Tue Oct 21 15:37:15 UTC 2025
Using workflow specific profile ../../analysis/google_batch/ for setting default command line arguments.
host: brieflow-matteo
Building DAG of jobs...
Uploading source archive to storage provider...
Successfully connected to Google Batch.
Using shell: /usr/bin/bash
Provided remote nodes: 9223372036854775807
Job stats:
job                           count
--------------------------  -------
all_preprocess                    1
calculate_ic_phenotype            6
combine_metadata_phenotype        6
convert_phenotype             10576
extract_metadata_phenotype        1
total                         10590

Select jobs to execute...
